\BOOKMARK [0][-]{chapter.1}{Modelo de Negocio}{}% 1
\BOOKMARK [1][-]{section.1.1}{Reglas de Negocio}{chapter.1}% 2
\BOOKMARK [0][-]{chapter.2}{Modelo de comportamiento}{}% 3
\BOOKMARK [1][-]{subsection.2.0.1}{Atributos de Usuario Administrador}{chapter.2}% 4
\BOOKMARK [2][-]{subsection.2.0.2}{Atributos de Usuario Empleado}{subsection.2.0.1}% 5
\BOOKMARK [2][-]{subsection.2.0.3}{Atributos de Sistema de Google}{subsection.2.0.1}% 6
\BOOKMARK [1][-]{section.2.1}{CU1 Login}{chapter.2}% 7
\BOOKMARK [2][-]{subsection.2.1.1}{Descripci\363n completa}{section.2.1}% 8
\BOOKMARK [2][-]{subsection.2.1.2}{Atributos importantes}{section.2.1}% 9
\BOOKMARK [2][-]{subsection.2.1.3}{Trayectorias del Caso de Uso}{section.2.1}% 10
\BOOKMARK [1][-]{section.2.2}{CU2 Realizar una venta}{chapter.2}% 11
\BOOKMARK [2][-]{subsection.2.2.1}{Descripci\363n completa}{section.2.2}% 12
\BOOKMARK [2][-]{subsection.2.2.2}{Atributos importantes}{section.2.2}% 13
\BOOKMARK [2][-]{subsection.2.2.3}{Trayectorias del Caso de Uso}{section.2.2}% 14
\BOOKMARK [1][-]{section.2.3}{CU3 An\341lisis de venta y gasto}{chapter.2}% 15
\BOOKMARK [2][-]{subsection.2.3.1}{Descripci\363n completa}{section.2.3}% 16
\BOOKMARK [2][-]{subsection.2.3.2}{Atributos importantes}{section.2.3}% 17
\BOOKMARK [2][-]{subsection.2.3.3}{Trayectorias del Caso de Uso}{section.2.3}% 18
\BOOKMARK [1][-]{section.2.4}{CU4 Lista de Pendientes}{chapter.2}% 19
\BOOKMARK [2][-]{subsection.2.4.1}{Descripci\363n completa}{section.2.4}% 20
\BOOKMARK [2][-]{subsection.2.4.2}{Atributos importantes}{section.2.4}% 21
\BOOKMARK [2][-]{subsection.2.4.3}{Trayectorias del Caso de Uso}{section.2.4}% 22
\BOOKMARK [1][-]{section.2.5}{CU5 Proveedores}{chapter.2}% 23
\BOOKMARK [2][-]{subsection.2.5.1}{Descripci\363n completa}{section.2.5}% 24
\BOOKMARK [2][-]{subsection.2.5.2}{Atributos importantes}{section.2.5}% 25
\BOOKMARK [2][-]{subsection.2.5.3}{Trayectorias del Caso de Uso}{section.2.5}% 26
\BOOKMARK [1][-]{section.2.6}{CU6 Registro de usuarios}{chapter.2}% 27
\BOOKMARK [2][-]{subsection.2.6.1}{Descripci\363n completa}{section.2.6}% 28
\BOOKMARK [2][-]{subsection.2.6.2}{Atributos importantes}{section.2.6}% 29
\BOOKMARK [2][-]{subsection.2.6.3}{Trayectorias del Caso de Uso}{section.2.6}% 30
\BOOKMARK [1][-]{section.2.7}{CU7 Actualizar Inventario}{chapter.2}% 31
\BOOKMARK [2][-]{subsection.2.7.1}{Descripci\363n completa}{section.2.7}% 32
\BOOKMARK [2][-]{subsection.2.7.2}{Atributos importantes}{section.2.7}% 33
\BOOKMARK [2][-]{subsection.2.7.3}{Trayectorias del Caso de Uso}{section.2.7}% 34
